{"C:/Users/Milan/OneDrive/Documenten/Technovium SD/leerjaar 2/front-end/lj 2, periode 3/vite-project/.eslintrc.cjs": {"path":"C:/Users/Milan/OneDrive/Documenten/Technovium SD/leerjaar 2/front-end/lj 2, periode 3/vite-project/.eslintrc.cjs","statementMap":{"0":{"start":{"line":1,"column":0},"end":{"line":18,"column":1}}},"fnMap":{},"branchMap":{},"s":{"0":0},"f":{},"b":{}}
,"C:/Users/Milan/OneDrive/Documenten/Technovium SD/leerjaar 2/front-end/lj 2, periode 3/vite-project/src/main.tsx": {"path":"C:/Users/Milan/OneDrive/Documenten/Technovium SD/leerjaar 2/front-end/lj 2, periode 3/vite-project/src/main.tsx","statementMap":{"0":{"start":{"line":7,"column":0},"end":{"line":11,"column":null}}},"fnMap":{},"branchMap":{},"s":{"0":0},"f":{},"b":{}}
,"C:/Users/Milan/OneDrive/Documenten/Technovium SD/leerjaar 2/front-end/lj 2, periode 3/vite-project/src/Pages/CoinDetails/CoinDetails.tsx": {"path":"C:/Users/Milan/OneDrive/Documenten/Technovium SD/leerjaar 2/front-end/lj 2, periode 3/vite-project/src/Pages/CoinDetails/CoinDetails.tsx","statementMap":{"0":{"start":{"line":8,"column":2},"end":{"line":14,"column":null}}},"fnMap":{"0":{"name":"App","decl":{"start":{"line":7,"column":9},"end":{"line":7,"column":15}},"loc":{"start":{"line":7,"column":15},"end":{"line":16,"column":null}}}},"branchMap":{},"s":{"0":0},"f":{"0":0},"b":{}}
,"C:/Users/Milan/OneDrive/Documenten/Technovium SD/leerjaar 2/front-end/lj 2, periode 3/vite-project/src/Pages/homepage/App.tsx": {"path":"C:/Users/Milan/OneDrive/Documenten/Technovium SD/leerjaar 2/front-end/lj 2, periode 3/vite-project/src/Pages/homepage/App.tsx","statementMap":{"0":{"start":{"line":14,"column":28},"end":{"line":14,"column":null}},"1":{"start":{"line":15,"column":18},"end":{"line":15,"column":null}},"2":{"start":{"line":16,"column":2},"end":{"line":27,"column":null}},"3":{"start":{"line":17,"column":23},"end":{"line":24,"column":null}},"4":{"start":{"line":18,"column":18},"end":{"line":20,"column":null}},"5":{"start":{"line":21,"column":19},"end":{"line":21,"column":null}},"6":{"start":{"line":22,"column":6},"end":{"line":22,"column":null}},"7":{"start":{"line":23,"column":6},"end":{"line":23,"column":null}},"8":{"start":{"line":26,"column":4},"end":{"line":26,"column":null}},"9":{"start":{"line":29,"column":2},"end":{"line":40,"column":null}},"10":{"start":{"line":34,"column":8},"end":{"line":34,"column":null}}},"fnMap":{"0":{"name":"App","decl":{"start":{"line":13,"column":9},"end":{"line":13,"column":15}},"loc":{"start":{"line":13,"column":15},"end":{"line":42,"column":null}}},"1":{"name":"(anonymous_1)","decl":{"start":{"line":16,"column":12},"end":{"line":16,"column":18}},"loc":{"start":{"line":16,"column":18},"end":{"line":27,"column":5}}},"2":{"name":"(anonymous_2)","decl":{"start":{"line":17,"column":23},"end":{"line":17,"column":35}},"loc":{"start":{"line":17,"column":35},"end":{"line":24,"column":null}}},"3":{"name":"(anonymous_3)","decl":{"start":{"line":33,"column":38},"end":{"line":33,"column":56}},"loc":{"start":{"line":33,"column":56},"end":{"line":35,"column":9}}}},"branchMap":{},"s":{"0":0,"1":0,"2":0,"3":0,"4":0,"5":0,"6":0,"7":0,"8":0,"9":0,"10":0},"f":{"0":0,"1":0,"2":0,"3":0},"b":{}}
,"C:/Users/Milan/OneDrive/Documenten/Technovium SD/leerjaar 2/front-end/lj 2, periode 3/vite-project/src/components/AboutUs/AboutUs.tsx": {"path":"C:/Users/Milan/OneDrive/Documenten/Technovium SD/leerjaar 2/front-end/lj 2, periode 3/vite-project/src/components/AboutUs/AboutUs.tsx","statementMap":{"0":{"start":{"line":4,"column":26},"end":{"line":19,"column":null}},"1":{"start":{"line":5,"column":2},"end":{"line":17,"column":null}}},"fnMap":{"0":{"name":"(anonymous_0)","decl":{"start":{"line":4,"column":26},"end":{"line":4,"column":32}},"loc":{"start":{"line":4,"column":32},"end":{"line":19,"column":null}}}},"branchMap":{},"s":{"0":1,"1":1},"f":{"0":1},"b":{}}
,"C:/Users/Milan/OneDrive/Documenten/Technovium SD/leerjaar 2/front-end/lj 2, periode 3/vite-project/src/components/BottomHeader/BottomHeader.tsx": {"path":"C:/Users/Milan/OneDrive/Documenten/Technovium SD/leerjaar 2/front-end/lj 2, periode 3/vite-project/src/components/BottomHeader/BottomHeader.tsx","statementMap":{"0":{"start":{"line":4,"column":31},"end":{"line":30,"column":null}},"1":{"start":{"line":5,"column":2},"end":{"line":28,"column":null}}},"fnMap":{"0":{"name":"(anonymous_0)","decl":{"start":{"line":4,"column":31},"end":{"line":4,"column":37}},"loc":{"start":{"line":4,"column":37},"end":{"line":30,"column":null}}}},"branchMap":{},"s":{"0":1,"1":1},"f":{"0":1},"b":{}}
,"C:/Users/Milan/OneDrive/Documenten/Technovium SD/leerjaar 2/front-end/lj 2, periode 3/vite-project/src/components/CoinDetail/CoinDetail.tsx": {"path":"C:/Users/Milan/OneDrive/Documenten/Technovium SD/leerjaar 2/front-end/lj 2, periode 3/vite-project/src/components/CoinDetail/CoinDetail.tsx","statementMap":{"0":{"start":{"line":9,"column":15},"end":{"line":9,"column":null}},"1":{"start":{"line":10,"column":27},"end":{"line":10,"column":null}},"2":{"start":{"line":11,"column":2},"end":{"line":19,"column":null}},"3":{"start":{"line":12,"column":23},"end":{"line":16,"column":null}},"4":{"start":{"line":13,"column":23},"end":{"line":13,"column":null}},"5":{"start":{"line":14,"column":19},"end":{"line":14,"column":null}},"6":{"start":{"line":15,"column":6},"end":{"line":15,"column":null}},"7":{"start":{"line":18,"column":4},"end":{"line":18,"column":null}},"8":{"start":{"line":21,"column":2},"end":{"line":57,"column":null}}},"fnMap":{"0":{"name":"CoinDetail","decl":{"start":{"line":8,"column":9},"end":{"line":8,"column":22}},"loc":{"start":{"line":8,"column":22},"end":{"line":59,"column":null}}},"1":{"name":"(anonymous_1)","decl":{"start":{"line":11,"column":12},"end":{"line":11,"column":18}},"loc":{"start":{"line":11,"column":18},"end":{"line":19,"column":3}}},"2":{"name":"(anonymous_2)","decl":{"start":{"line":12,"column":23},"end":{"line":12,"column":35}},"loc":{"start":{"line":12,"column":35},"end":{"line":16,"column":null}}}},"branchMap":{"0":{"loc":{"start":{"line":40,"column":9},"end":{"line":53,"column":null}},"type":"binary-expr","locations":[{"start":{"line":40,"column":9},"end":{"line":40,"column":null}},{"start":{"line":41,"column":10},"end":{"line":53,"column":null}}]}},"s":{"0":0,"1":0,"2":0,"3":0,"4":0,"5":0,"6":0,"7":0,"8":0},"f":{"0":0,"1":0,"2":0},"b":{"0":[0,0]}}
,"C:/Users/Milan/OneDrive/Documenten/Technovium SD/leerjaar 2/front-end/lj 2, periode 3/vite-project/src/components/CryptoIcons/CryptoIcons.tsx": {"path":"C:/Users/Milan/OneDrive/Documenten/Technovium SD/leerjaar 2/front-end/lj 2, periode 3/vite-project/src/components/CryptoIcons/CryptoIcons.tsx","statementMap":{"0":{"start":{"line":12,"column":30},"end":{"line":25,"column":null}},"1":{"start":{"line":13,"column":2},"end":{"line":23,"column":null}}},"fnMap":{"0":{"name":"(anonymous_0)","decl":{"start":{"line":12,"column":30},"end":{"line":12,"column":36}},"loc":{"start":{"line":12,"column":36},"end":{"line":25,"column":null}}}},"branchMap":{},"s":{"0":1,"1":1},"f":{"0":1},"b":{}}
,"C:/Users/Milan/OneDrive/Documenten/Technovium SD/leerjaar 2/front-end/lj 2, periode 3/vite-project/src/components/Footer/footer.tsx": {"path":"C:/Users/Milan/OneDrive/Documenten/Technovium SD/leerjaar 2/front-end/lj 2, periode 3/vite-project/src/components/Footer/footer.tsx","statementMap":{"0":{"start":{"line":4,"column":25},"end":{"line":62,"column":null}},"1":{"start":{"line":5,"column":2},"end":{"line":59,"column":null}}},"fnMap":{"0":{"name":"(anonymous_0)","decl":{"start":{"line":4,"column":25},"end":{"line":4,"column":31}},"loc":{"start":{"line":4,"column":31},"end":{"line":62,"column":null}}}},"branchMap":{},"s":{"0":1,"1":1},"f":{"0":1},"b":{}}
,"C:/Users/Milan/OneDrive/Documenten/Technovium SD/leerjaar 2/front-end/lj 2, periode 3/vite-project/src/components/Graphs/Graphs.tsx": {"path":"C:/Users/Milan/OneDrive/Documenten/Technovium SD/leerjaar 2/front-end/lj 2, periode 3/vite-project/src/components/Graphs/Graphs.tsx","statementMap":{"0":{"start":{"line":14,"column":38},"end":{"line":169,"column":null}},"1":{"start":{"line":15,"column":38},"end":{"line":15,"column":null}},"2":{"start":{"line":16,"column":44},"end":{"line":19,"column":null}},"3":{"start":{"line":17,"column":28},"end":{"line":17,"column":null}},"4":{"start":{"line":18,"column":4},"end":{"line":18,"column":null}},"5":{"start":{"line":21,"column":2},"end":{"line":23,"column":null}},"6":{"start":{"line":22,"column":4},"end":{"line":22,"column":null}},"7":{"start":{"line":25,"column":29},"end":{"line":29,"column":null}},"8":{"start":{"line":26,"column":24},"end":{"line":26,"column":null}},"9":{"start":{"line":27,"column":4},"end":{"line":27,"column":null}},"10":{"start":{"line":28,"column":4},"end":{"line":28,"column":null}},"11":{"start":{"line":31,"column":25},"end":{"line":35,"column":null}},"12":{"start":{"line":32,"column":4},"end":{"line":34,"column":null}},"13":{"start":{"line":32,"column":35},"end":{"line":32,"column":51}},"14":{"start":{"line":33,"column":6},"end":{"line":33,"column":null}},"15":{"start":{"line":37,"column":30},"end":{"line":39,"column":null}},"16":{"start":{"line":38,"column":4},"end":{"line":38,"column":null}},"17":{"start":{"line":38,"column":52},"end":{"line":38,"column":70}},"18":{"start":{"line":41,"column":2},"end":{"line":167,"column":null}},"19":{"start":{"line":56,"column":52},"end":{"line":59,"column":14}},"20":{"start":{"line":73,"column":20},"end":{"line":95,"column":null}},"21":{"start":{"line":89,"column":41},"end":{"line":89,"column":null}},"22":{"start":{"line":119,"column":20},"end":{"line":119,"column":null}},"23":{"start":{"line":122,"column":20},"end":{"line":160,"column":null}},"24":{"start":{"line":144,"column":51},"end":{"line":144,"column":67}},"25":{"start":{"line":146,"column":43},"end":{"line":146,"column":null}},"26":{"start":{"line":153,"column":43},"end":{"line":153,"column":null}}},"fnMap":{"0":{"name":"(anonymous_0)","decl":{"start":{"line":14,"column":38},"end":{"line":14,"column":39}},"loc":{"start":{"line":14,"column":63},"end":{"line":169,"column":null}}},"1":{"name":"(anonymous_1)","decl":{"start":{"line":16,"column":61},"end":{"line":16,"column":67}},"loc":{"start":{"line":16,"column":67},"end":{"line":19,"column":3}}},"2":{"name":"(anonymous_2)","decl":{"start":{"line":21,"column":12},"end":{"line":21,"column":18}},"loc":{"start":{"line":21,"column":18},"end":{"line":23,"column":5}}},"3":{"name":"(anonymous_3)","decl":{"start":{"line":25,"column":29},"end":{"line":25,"column":30}},"loc":{"start":{"line":25,"column":77},"end":{"line":29,"column":null}}},"4":{"name":"(anonymous_4)","decl":{"start":{"line":31,"column":25},"end":{"line":31,"column":26}},"loc":{"start":{"line":31,"column":41},"end":{"line":35,"column":null}}},"5":{"name":"(anonymous_5)","decl":{"start":{"line":32,"column":28},"end":{"line":32,"column":29}},"loc":{"start":{"line":32,"column":35},"end":{"line":32,"column":51}}},"6":{"name":"(anonymous_6)","decl":{"start":{"line":37,"column":30},"end":{"line":37,"column":31}},"loc":{"start":{"line":37,"column":50},"end":{"line":39,"column":null}}},"7":{"name":"(anonymous_7)","decl":{"start":{"line":38,"column":42},"end":{"line":38,"column":43}},"loc":{"start":{"line":38,"column":52},"end":{"line":38,"column":70}}},"8":{"name":"(anonymous_8)","decl":{"start":{"line":56,"column":41},"end":{"line":56,"column":42}},"loc":{"start":{"line":56,"column":52},"end":{"line":59,"column":14}}},"9":{"name":"(anonymous_9)","decl":{"start":{"line":72,"column":37},"end":{"line":72,"column":38}},"loc":{"start":{"line":73,"column":20},"end":{"line":95,"column":null}}},"10":{"name":"(anonymous_10)","decl":{"start":{"line":89,"column":35},"end":{"line":89,"column":41}},"loc":{"start":{"line":89,"column":41},"end":{"line":89,"column":null}}},"11":{"name":"(anonymous_11)","decl":{"start":{"line":118,"column":26},"end":{"line":118,"column":27}},"loc":{"start":{"line":119,"column":20},"end":{"line":119,"column":null}}},"12":{"name":"(anonymous_12)","decl":{"start":{"line":121,"column":23},"end":{"line":121,"column":24}},"loc":{"start":{"line":122,"column":20},"end":{"line":160,"column":null}}},"13":{"name":"(anonymous_13)","decl":{"start":{"line":144,"column":44},"end":{"line":144,"column":45}},"loc":{"start":{"line":144,"column":51},"end":{"line":144,"column":67}}},"14":{"name":"(anonymous_14)","decl":{"start":{"line":146,"column":37},"end":{"line":146,"column":43}},"loc":{"start":{"line":146,"column":43},"end":{"line":146,"column":null}}},"15":{"name":"(anonymous_15)","decl":{"start":{"line":153,"column":37},"end":{"line":153,"column":43}},"loc":{"start":{"line":153,"column":43},"end":{"line":153,"column":null}}}},"branchMap":{"0":{"loc":{"start":{"line":18,"column":11},"end":{"line":18,"column":null}},"type":"cond-expr","locations":[{"start":{"line":18,"column":29},"end":{"line":18,"column":59}},{"start":{"line":18,"column":59},"end":{"line":18,"column":null}}]},"1":{"loc":{"start":{"line":32,"column":4},"end":{"line":34,"column":null}},"type":"if","locations":[{"start":{"line":32,"column":4},"end":{"line":34,"column":null}},{"start":{"line":32,"column":4},"end":{"line":34,"column":null}}]},"2":{"loc":{"start":{"line":80,"column":28},"end":{"line":82,"column":null}},"type":"cond-expr","locations":[{"start":{"line":81,"column":32},"end":{"line":81,"column":null}},{"start":{"line":82,"column":32},"end":{"line":82,"column":null}}]},"3":{"loc":{"start":{"line":135,"column":28},"end":{"line":137,"column":null}},"type":"cond-expr","locations":[{"start":{"line":136,"column":32},"end":{"line":136,"column":null}},{"start":{"line":137,"column":32},"end":{"line":137,"column":null}}]},"4":{"loc":{"start":{"line":144,"column":25},"end":{"line":157,"column":null}},"type":"cond-expr","locations":[{"start":{"line":145,"column":26},"end":{"line":150,"column":null}},{"start":{"line":152,"column":26},"end":{"line":157,"column":null}}]}},"s":{"0":0,"1":0,"2":0,"3":0,"4":0,"5":0,"6":0,"7":0,"8":0,"9":0,"10":0,"11":0,"12":0,"13":0,"14":0,"15":0,"16":0,"17":0,"18":0,"19":0,"20":0,"21":0,"22":0,"23":0,"24":0,"25":0,"26":0},"f":{"0":0,"1":0,"2":0,"3":0,"4":0,"5":0,"6":0,"7":0,"8":0,"9":0,"10":0,"11":0,"12":0,"13":0,"14":0,"15":0},"b":{"0":[0,0],"1":[0,0],"2":[0,0],"3":[0,0],"4":[0,0]}}
,"C:/Users/Milan/OneDrive/Documenten/Technovium SD/leerjaar 2/front-end/lj 2, periode 3/vite-project/src/components/PieChart.tsx/PieChart.tsx": {"path":"C:/Users/Milan/OneDrive/Documenten/Technovium SD/leerjaar 2/front-end/lj 2, periode 3/vite-project/src/components/PieChart.tsx/PieChart.tsx","statementMap":{"0":{"start":{"line":14,"column":36},"end":{"line":54,"column":null}},"1":{"start":{"line":15,"column":20},"end":{"line":15,"column":null}},"2":{"start":{"line":15,"column":39},"end":{"line":15,"column":49}},"3":{"start":{"line":22,"column":0},"end":{"line":22,"column":null}},"4":{"start":{"line":23,"column":43},"end":{"line":47,"column":null}},"5":{"start":{"line":36,"column":31},"end":{"line":36,"column":49}},"6":{"start":{"line":49,"column":2},"end":{"line":52,"column":null}}},"fnMap":{"0":{"name":"(anonymous_0)","decl":{"start":{"line":14,"column":36},"end":{"line":14,"column":37}},"loc":{"start":{"line":14,"column":75},"end":{"line":54,"column":null}}},"1":{"name":"(anonymous_1)","decl":{"start":{"line":15,"column":29},"end":{"line":15,"column":30}},"loc":{"start":{"line":15,"column":39},"end":{"line":15,"column":49}}},"2":{"name":"(anonymous_2)","decl":{"start":{"line":17,"column":2},"end":{"line":17,"column":12}},"loc":{"start":{"line":17,"column":12},"end":{"line":17,"column":null}}},"3":{"name":"(anonymous_3)","decl":{"start":{"line":18,"column":2},"end":{"line":18,"column":14}},"loc":{"start":{"line":18,"column":14},"end":{"line":18,"column":null}}},"4":{"name":"(anonymous_4)","decl":{"start":{"line":19,"column":2},"end":{"line":19,"column":15}},"loc":{"start":{"line":19,"column":15},"end":{"line":19,"column":null}}},"5":{"name":"(anonymous_5)","decl":{"start":{"line":36,"column":21},"end":{"line":36,"column":22}},"loc":{"start":{"line":36,"column":31},"end":{"line":36,"column":49}}}},"branchMap":{"0":{"loc":{"start":{"line":14,"column":50},"end":{"line":14,"column":64}},"type":"default-arg","locations":[{"start":{"line":14,"column":57},"end":{"line":14,"column":64}}]}},"s":{"0":0,"1":0,"2":0,"3":0,"4":0,"5":0,"6":0},"f":{"0":0,"1":0,"2":0,"3":0,"4":0,"5":0},"b":{"0":[0]}}
,"C:/Users/Milan/OneDrive/Documenten/Technovium SD/leerjaar 2/front-end/lj 2, periode 3/vite-project/src/components/Signup/Signup.tsx": {"path":"C:/Users/Milan/OneDrive/Documenten/Technovium SD/leerjaar 2/front-end/lj 2, periode 3/vite-project/src/components/Signup/Signup.tsx","statementMap":{"0":{"start":{"line":4,"column":25},"end":{"line":18,"column":null}},"1":{"start":{"line":5,"column":2},"end":{"line":15,"column":null}}},"fnMap":{"0":{"name":"(anonymous_0)","decl":{"start":{"line":4,"column":25},"end":{"line":4,"column":31}},"loc":{"start":{"line":4,"column":31},"end":{"line":18,"column":null}}}},"branchMap":{},"s":{"0":1,"1":3},"f":{"0":3},"b":{}}
,"C:/Users/Milan/OneDrive/Documenten/Technovium SD/leerjaar 2/front-end/lj 2, periode 3/vite-project/src/components/TopHeader/TopHeader.tsx": {"path":"C:/Users/Milan/OneDrive/Documenten/Technovium SD/leerjaar 2/front-end/lj 2, periode 3/vite-project/src/components/TopHeader/TopHeader.tsx","statementMap":{"0":{"start":{"line":8,"column":28},"end":{"line":45,"column":null}},"1":{"start":{"line":9,"column":28},"end":{"line":9,"column":null}},"2":{"start":{"line":10,"column":2},"end":{"line":19,"column":null}},"3":{"start":{"line":11,"column":23},"end":{"line":16,"column":null}},"4":{"start":{"line":12,"column":18},"end":{"line":12,"column":null}},"5":{"start":{"line":13,"column":19},"end":{"line":13,"column":null}},"6":{"start":{"line":14,"column":6},"end":{"line":14,"column":null}},"7":{"start":{"line":15,"column":6},"end":{"line":15,"column":null}},"8":{"start":{"line":18,"column":4},"end":{"line":18,"column":null}},"9":{"start":{"line":20,"column":2},"end":{"line":43,"column":null}},"10":{"start":{"line":24,"column":10},"end":{"line":33,"column":null}}},"fnMap":{"0":{"name":"(anonymous_0)","decl":{"start":{"line":8,"column":28},"end":{"line":8,"column":34}},"loc":{"start":{"line":8,"column":34},"end":{"line":45,"column":null}}},"1":{"name":"(anonymous_1)","decl":{"start":{"line":10,"column":12},"end":{"line":10,"column":18}},"loc":{"start":{"line":10,"column":18},"end":{"line":19,"column":3}}},"2":{"name":"(anonymous_2)","decl":{"start":{"line":11,"column":23},"end":{"line":11,"column":35}},"loc":{"start":{"line":11,"column":35},"end":{"line":16,"column":null}}},"3":{"name":"(anonymous_3)","decl":{"start":{"line":23,"column":19},"end":{"line":23,"column":20}},"loc":{"start":{"line":24,"column":10},"end":{"line":33,"column":null}}}},"branchMap":{"0":{"loc":{"start":{"line":28,"column":16},"end":{"line":28,"column":null}},"type":"cond-expr","locations":[{"start":{"line":28,"column":40},"end":{"line":28,"column":53}},{"start":{"line":28,"column":53},"end":{"line":28,"column":null}}]}},"s":{"0":1,"1":1,"2":1,"3":1,"4":1,"5":0,"6":0,"7":0,"8":1,"9":1,"10":0},"f":{"0":1,"1":1,"2":1,"3":0},"b":{"0":[0,0]}}
}
